#
# There is insufficient memory for the Java Runtime Environment to continue.
# Native memory allocation (malloc) failed to allocate 131536 bytes for Chunk::new
# Possible reasons:
#   The system is out of physical RAM or swap space
#   The process is running with CompressedOops enabled, and the Java Heap may be blocking the growth of the native heap
# Possible solutions:
#   Reduce memory load on the system
#   Increase physical memory or swap space
#   Check if swap backing store is full
#   Decrease Java heap size (-Xmx/-Xms)
#   Decrease number of Java threads
#   Decrease Java thread stack sizes (-Xss)
#   Set larger code cache with -XX:ReservedCodeCacheSize=
#   JVM is running with Unscaled Compressed Oops mode in which the Java heap is
#     placed in the first 4GB address space. The Java Heap base address is the
#     maximum limit for the native heap growth. Please use -XX:HeapBaseMinAddress
#     to set the Java Heap base and to place the Java Heap above 4GB virtual address.
# This output file may be truncated or incomplete.
#
#  Out of Memory Error (allocation.cpp:389), pid=108728, tid=0x0000000000009fd0
#
# JRE version: OpenJDK Runtime Environment (8.0_452-b09) (build 1.8.0_452-b09)
# Java VM: OpenJDK 64-Bit Server VM (25.452-b09 mixed mode windows-amd64 compressed oops)
# Failed to write core dump. Minidumps are not enabled by default on client versions of Windows
#

---------------  T H R E A D  ---------------

Current thread (0x0000022f7325f800):  JavaThread "C2 CompilerThread0" daemon [_thread_in_native, id=40912, stack(0x000000899df00000,0x000000899e000000)]

Stack: [0x000000899df00000,0x000000899e000000]
[error occurred during error reporting (printing stack bounds), id 0xc0000005]

Native frames: (J=compiled Java code, j=interpreted, Vv=VM code, C=native code)


Current CompileTask:
C2:56951470 8128   !   4       com.codahale.metrics.ExponentiallyDecayingReservoir::rescale (220 bytes)


---------------  P R O C E S S  ---------------

Java Threads: ( => current thread )
  0x0000022f77be9000 JavaThread "SparkUI-JettyScheduler-1" daemon [_thread_blocked, id=20856, stack(0x000000899ce00000,0x000000899cf00000)]
  0x0000022f77bea800 JavaThread "task-result-getter-1" daemon [_thread_blocked, id=19648, stack(0x00000089a1700000,0x00000089a1800000)]
  0x0000022f77be9800 JavaThread "task-result-getter-0" daemon [_thread_blocked, id=60112, stack(0x00000089a1600000,0x00000089a1700000)]
  0x0000022f77be1000 JavaThread "org.apache.hadoop.fs.FileSystem$Statistics$StatisticsDataReferenceCleaner" daemon [_thread_blocked, id=59852, stack(0x00000089a1400000,0x00000089a1500000)]
  0x0000022f77be3800 JavaThread "element-tracking-store-worker" daemon [_thread_blocked, id=43808, stack(0x00000089a1300000,0x00000089a1400000)]
  0x0000022f77be2800 JavaThread "spark-listener-group-executorManagement" daemon [_thread_blocked, id=42544, stack(0x00000089a1200000,0x00000089a1300000)]
  0x0000022f77be4000 JavaThread "spark-listener-group-appStatus" daemon [_thread_blocked, id=96572, stack(0x00000089a1100000,0x00000089a1200000)]
  0x0000022f77be2000 JavaThread "context-cleaner-periodic-gc" daemon [_thread_blocked, id=66160, stack(0x00000089a1000000,0x00000089a1100000)]
  0x0000022f77bdd000 JavaThread "Spark Context Cleaner" daemon [_thread_blocked, id=44616, stack(0x00000089a0f00000,0x00000089a1000000)]
  0x0000022f77be0000 JavaThread "shuffle-boss-6-1" daemon [_thread_in_native, id=24808, stack(0x00000089a0e00000,0x00000089a0f00000)]
  0x0000022f77bdc800 JavaThread "executor-heartbeater" daemon [_thread_blocked, id=107832, stack(0x00000089a0d00000,0x00000089a0e00000)]
  0x0000022f77bdf800 JavaThread "executor-kill-mark-cleanup" daemon [_thread_blocked, id=86932, stack(0x00000089a0c00000,0x00000089a0d00000)]
  0x0000022f77bde000 JavaThread "driver-heartbeater" daemon [_thread_blocked, id=71340, stack(0x00000089a0b00000,0x00000089a0c00000)]
  0x0000022f77bde800 JavaThread "dag-scheduler-event-loop" daemon [_thread_blocked, id=101340, stack(0x00000089a0a00000,0x00000089a0b00000)]
  0x0000022f78479000 JavaThread "task-abort-timer" daemon [_thread_blocked, id=26856, stack(0x00000089a0900000,0x00000089a0a00000)]
  0x0000022f7847a800 JavaThread "task-starvation-timer" daemon [_thread_blocked, id=78616, stack(0x00000089a0800000,0x00000089a0900000)]
  0x0000022f78478000 JavaThread "netty-rpc-env-timeout" daemon [_thread_blocked, id=142420, stack(0x00000089a0700000,0x00000089a0800000)]
  0x0000022f7847b000 JavaThread "heartbeat-receiver-event-loop-thread" daemon [_thread_blocked, id=26160, stack(0x00000089a0600000,0x00000089a0700000)]
  0x0000022f78479800 JavaThread "dispatcher-HeartbeatReceiver" daemon [_thread_blocked, id=75920, stack(0x00000089a0500000,0x00000089a0600000)]
  0x0000022f78474000 JavaThread "SparkUI-45-acceptor-0@24eb316-Spark@c894d2f{HTTP/1.1, (http/1.1)}{0.0.0.0:4040}" daemon [_thread_in_native, id=111284, stack(0x00000089a0400000,0x00000089a0500000)]
  0x0000022f78477800 JavaThread "SparkUI-44" daemon [_thread_blocked, id=123980, stack(0x00000089a0300000,0x00000089a0400000)]
  0x0000022f78473800 JavaThread "SparkUI-43" daemon [_thread_blocked, id=11296, stack(0x00000089a0200000,0x00000089a0300000)]
  0x0000022f78475800 JavaThread "SparkUI-42" daemon [_thread_blocked, id=53764, stack(0x00000089a0100000,0x00000089a0200000)]
  0x0000022f78476800 JavaThread "SparkUI-41" daemon [_thread_in_native, id=7504, stack(0x00000089a0000000,0x00000089a0100000)]
  0x0000022f78475000 JavaThread "SparkUI-40" daemon [_thread_in_native, id=81384, stack(0x000000899ff00000,0x00000089a0000000)]
  0x0000022f78472800 JavaThread "SparkUI-39" daemon [_thread_in_native, id=127884, stack(0x000000899fe00000,0x000000899ff00000)]
  0x0000022f7846e800 JavaThread "SparkUI-38" daemon [_thread_in_native, id=136068, stack(0x000000899fd00000,0x000000899fe00000)]
  0x0000022f78471000 JavaThread "refresh progress" daemon [_thread_blocked, id=69132, stack(0x000000899fc00000,0x000000899fd00000)]
  0x0000022f78472000 JavaThread "RemoteBlock-temp-file-clean-thread" daemon [_thread_blocked, id=145772, stack(0x000000899fb00000,0x000000899fc00000)]
  0x0000022f78470000 JavaThread "dispatcher-BlockManagerEndpoint1" daemon [_thread_blocked, id=18740, stack(0x000000899fa00000,0x000000899fb00000)]
  0x0000022f7846e000 JavaThread "dispatcher-BlockManagerMaster" daemon [_thread_blocked, id=47936, stack(0x000000899f900000,0x000000899fa00000)]
  0x0000022f7846c800 JavaThread "map-output-dispatcher-7" daemon [_thread_blocked, id=65328, stack(0x000000899f800000,0x000000899f900000)]
  0x0000022f7846f800 JavaThread "map-output-dispatcher-6" daemon [_thread_blocked, id=35944, stack(0x000000899f700000,0x000000899f800000)]
  0x0000022f7846d000 JavaThread "map-output-dispatcher-5" daemon [_thread_blocked, id=101352, stack(0x000000899f600000,0x000000899f700000)]
  0x0000022f76766800 JavaThread "map-output-dispatcher-4" daemon [_thread_blocked, id=103176, stack(0x000000899f500000,0x000000899f600000)]
  0x0000022f76765800 JavaThread "map-output-dispatcher-3" daemon [_thread_blocked, id=59412, stack(0x000000899f400000,0x000000899f500000)]
  0x0000022f76765000 JavaThread "map-output-dispatcher-2" daemon [_thread_blocked, id=47624, stack(0x000000899f300000,0x000000899f400000)]
  0x0000022f76764000 JavaThread "map-output-dispatcher-1" daemon [_thread_blocked, id=146476, stack(0x000000899f200000,0x000000899f300000)]
  0x0000022f76763800 JavaThread "map-output-dispatcher-0" daemon [_thread_blocked, id=83540, stack(0x000000899f100000,0x000000899f200000)]
  0x0000022f7675f800 JavaThread "dispatcher-event-loop-7" daemon [_thread_blocked, id=149380, stack(0x000000899f000000,0x000000899f100000)]
  0x0000022f76761000 JavaThread "dispatcher-event-loop-6" daemon [_thread_blocked, id=68664, stack(0x000000899ef00000,0x000000899f000000)]
  0x0000022f76762800 JavaThread "dispatcher-event-loop-5" daemon [_thread_blocked, id=94176, stack(0x000000899ee00000,0x000000899ef00000)]
  0x0000022f76760000 JavaThread "dispatcher-event-loop-4" daemon [_thread_blocked, id=63116, stack(0x000000899ed00000,0x000000899ee00000)]
  0x0000022f76762000 JavaThread "dispatcher-event-loop-3" daemon [_thread_blocked, id=77908, stack(0x000000899ec00000,0x000000899ed00000)]
  0x0000022f76b4c000 JavaThread "dispatcher-event-loop-2" daemon [_thread_blocked, id=116484, stack(0x000000899eb00000,0x000000899ec00000)]
  0x0000022f76a9e800 JavaThread "dispatcher-event-loop-1" daemon [_thread_blocked, id=131036, stack(0x000000899ea00000,0x000000899eb00000)]
  0x0000022f76bb6800 JavaThread "dispatcher-event-loop-0" daemon [_thread_blocked, id=96268, stack(0x000000899e900000,0x000000899ea00000)]
  0x0000022f76b74000 JavaThread "rpc-boss-3-1" daemon [_thread_in_native, id=97932, stack(0x000000899e800000,0x000000899e900000)]
  0x0000022f7564e000 JavaThread "Thread-4" [_thread_in_native, id=129568, stack(0x000000899e700000,0x000000899e800000)]
  0x0000022f75f7d000 JavaThread "Thread-3" [_thread_in_native, id=80040, stack(0x000000899e600000,0x000000899e700000)]
  0x0000022f76608800 JavaThread "Thread-2" [_thread_in_native, id=57852, stack(0x000000899e500000,0x000000899e600000)]
  0x0000022f732ae800 JavaThread "Service Thread" daemon [_thread_blocked, id=118332, stack(0x000000899e300000,0x000000899e400000)]
  0x0000022f7326d000 JavaThread "C1 CompilerThread3" daemon [_thread_blocked, id=65704, stack(0x000000899e200000,0x000000899e300000)]
  0x0000022f73269000 JavaThread "C2 CompilerThread2" daemon [_thread_blocked, id=34440, stack(0x000000899e100000,0x000000899e200000)]
  0x0000022f73263000 JavaThread "C2 CompilerThread1" daemon [_thread_in_native, id=124428, stack(0x000000899e000000,0x000000899e100000)]
=>0x0000022f7325f800 JavaThread "C2 CompilerThread0" daemon [_thread_in_native, id=40912, stack(0x000000899df00000,0x000000899e000000)]
  0x0000022f7325b000 JavaThread "Attach Listener" daemon [_thread_blocked, id=120724, stack(0x000000899de00000,0x000000899df00000)]
  0x0000022f7325a000 JavaThread "Signal Dispatcher" daemon [_thread_blocked, id=106724, stack(0x000000899dd00000,0x000000899de00000)]
  0x0000022f5eece000 JavaThread "Finalizer" daemon [_thread_blocked, id=72064, stack(0x000000899dc00000,0x000000899dd00000)]
  0x0000022f73226000 JavaThread "Reference Handler" daemon [_thread_blocked, id=73144, stack(0x000000899db00000,0x000000899dc00000)]
  0x0000022f5ee31800 JavaThread "main" [_thread_in_native, id=50924, stack(0x000000899d100000,0x000000899d200000)]

Other Threads:
  0x0000022f5eec8800 VMThread [stack: 0x000000899da00000,0x000000899db00000] [id=50120]
  0x0000022f7509b800 WatcherThread [stack: 0x000000899e400000,0x000000899e500000] [id=110920]

VM state:not at safepoint (normal execution)

VM Mutex/Monitor currently owned by a thread: None

heap address: 0x00000000c0000000, size: 1024 MB, Compressed Oops mode: 32-bit
Narrow klass base: 0x0000000000000000, Narrow klass shift: 3
Compressed class space size: 1073741824 Address: 0x0000000100000000

Heap:
 PSYoungGen      total 313344K, used 30759K [0x00000000eab00000, 0x00000000ff600000, 0x0000000100000000)
  eden space 312320K, 9% used [0x00000000eab00000,0x00000000ec909ec8,0x00000000fdc00000)
  from space 1024K, 0% used [0x00000000fdc00000,0x00000000fdc00000,0x00000000fdd00000)
  to   space 13312K, 0% used [0x00000000fe900000,0x00000000fe900000,0x00000000ff600000)
 ParOldGen       total 165376K, used 27131K [0x00000000c0000000, 0x00000000ca180000, 0x00000000eab00000)
  object space 165376K, 16% used [0x00000000c0000000,0x00000000c1a7eed0,0x00000000ca180000)
 Metaspace       used 108600K, capacity 119138K, committed 121984K, reserved 1155072K
  class space    used 15457K, capacity 16250K, committed 16768K, reserved 1048576K

Card table byte_map: [0x0000022f70040000,0x0000022f70250000] byte_map_base: 0x0000022f6fa40000

Marking Bits: (ParMarkBitMap*) 0x000000005574c930
 Begin Bits: [0x0000022f703b0000, 0x0000022f713b0000)
 End Bits:   [0x0000022f713b0000, 0x0000022f723b0000)

Polling page: 0x0000022f60c50000

CodeCache: size=245760Kb used=18998Kb max_used=19040Kb free=226761Kb
 bounds [0x0000022f60c80000, 0x0000022f61f40000, 0x0000022f6fc80000]
 total_blobs=7782 nmethods=6862 adapters=828
 compilation: enabled

Compilation events (10 events):
Event: 49778.140 Thread 0x0000022f73269000 8126       4       scala.collection.convert.DecorateAsScala$$Lambda$54/477376212::apply (12 bytes)
Event: 49778.353 Thread 0x0000022f73269000 nmethod 8126 0x0000022f61482f10 code [0x0000022f614830c0, 0x0000022f61483350]
Event: 49778.382 Thread 0x0000022f73263000 8127       4       java.util.concurrent.ThreadLocalRandom::nextSeed (32 bytes)
Event: 49778.383 Thread 0x0000022f73263000 nmethod 8127 0x0000022f61cf4cd0 code [0x0000022f61cf4e00, 0x0000022f61cf4e78]
Event: 49778.443 Thread 0x0000022f7325f800 8128   !   4       com.codahale.metrics.ExponentiallyDecayingReservoir::rescale (220 bytes)
Event: 49778.444 Thread 0x0000022f73269000 8129       4       java.util.concurrent.locks.AbstractQueuedSynchronizer::acquire (27 bytes)
Event: 49778.448 Thread 0x0000022f73269000 nmethod 8129 0x0000022f61481690 code [0x0000022f61481800, 0x0000022f614818e8]
Event: 49778.477 Thread 0x0000022f7326d000 8130       3       java.util.concurrent.locks.AbstractQueuedSynchronizer$ConditionObject::awaitNanos (156 bytes)
Event: 49778.533 Thread 0x0000022f73263000 8131       4       scala.collection.mutable.HashTable::findEntry$ (6 bytes)
Event: 49778.583 Thread 0x0000022f73269000 8132       4       java.util.concurrent.locks.LockSupport::parkNanos (29 bytes)

GC Heap History (10 events):
Event: 28808.927 GC heap before
{Heap before GC invocations=47 (full 20):
 PSYoungGen      total 315904K, used 3566K [0x00000000eab00000, 0x00000000ff900000, 0x0000000100000000)
  eden space 312320K, 0% used [0x00000000eab00000,0x00000000eab00000,0x00000000fdc00000)
  from space 3584K, 99% used [0x00000000fdc00000,0x00000000fdf7bb08,0x00000000fdf80000)
  to   space 14848K, 0% used [0x00000000fea80000,0x00000000fea80000,0x00000000ff900000)
 ParOldGen       total 165376K, used 26257K [0x00000000c0000000, 0x00000000ca180000, 0x00000000eab00000)
  object space 165376K, 15% used [0x00000000c0000000,0x00000000c19a47b0,0x00000000ca180000)
 Metaspace       used 108589K, capacity 119118K, committed 121984K, reserved 1155072K
  class space    used 15453K, capacity 16244K, committed 16768K, reserved 1048576K
Event: 28809.266 GC heap after
Heap after GC invocations=47 (full 20):
 PSYoungGen      total 315904K, used 0K [0x00000000eab00000, 0x00000000ff900000, 0x0000000100000000)
  eden space 312320K, 0% used [0x00000000eab00000,0x00000000eab00000,0x00000000fdc00000)
  from space 3584K, 0% used [0x00000000fdc00000,0x00000000fdc00000,0x00000000fdf80000)
  to   space 14848K, 0% used [0x00000000fea80000,0x00000000fea80000,0x00000000ff900000)
 ParOldGen       total 165376K, used 28323K [0x00000000c0000000, 0x00000000ca180000, 0x00000000eab00000)
  object space 165376K, 17% used [0x00000000c0000000,0x00000000c1ba8f40,0x00000000ca180000)
 Metaspace       used 108581K, capacity 119102K, committed 121984K, reserved 1155072K
  class space    used 15450K, capacity 16238K, committed 16768K, reserved 1048576K
}
Event: 30608.904 GC heap before
{Heap before GC invocations=48 (full 20):
 PSYoungGen      total 315904K, used 22241K [0x00000000eab00000, 0x00000000ff900000, 0x0000000100000000)
  eden space 312320K, 7% used [0x00000000eab00000,0x00000000ec0b86e8,0x00000000fdc00000)
  from space 3584K, 0% used [0x00000000fdc00000,0x00000000fdc00000,0x00000000fdf80000)
  to   space 14848K, 0% used [0x00000000fea80000,0x00000000fea80000,0x00000000ff900000)
 ParOldGen       total 165376K, used 28323K [0x00000000c0000000, 0x00000000ca180000, 0x00000000eab00000)
  object space 165376K, 17% used [0x00000000c0000000,0x00000000c1ba8f40,0x00000000ca180000)
 Metaspace       used 108581K, capacity 119102K, committed 121984K, reserved 1155072K
  class space    used 15450K, capacity 16238K, committed 16768K, reserved 1048576K
Event: 30608.924 GC heap after
Heap after GC invocations=48 (full 20):
 PSYoungGen      total 326144K, used 416K [0x00000000eab00000, 0x00000000ff800000, 0x0000000100000000)
  eden space 312320K, 0% used [0x00000000eab00000,0x00000000eab00000,0x00000000fdc00000)
  from space 13824K, 3% used [0x00000000fea80000,0x00000000feae8000,0x00000000ff800000)
  to   space 14336K, 0% used [0x00000000fdc00000,0x00000000fdc00000,0x00000000fea00000)
 ParOldGen       total 165376K, used 28323K [0x00000000c0000000, 0x00000000ca180000, 0x00000000eab00000)
  object space 165376K, 17% used [0x00000000c0000000,0x00000000c1ba8f40,0x00000000ca180000)
 Metaspace       used 108581K, capacity 119102K, committed 121984K, reserved 1155072K
  class space    used 15450K, capacity 16238K, committed 16768K, reserved 1048576K
}
Event: 30608.924 GC heap before
{Heap before GC invocations=49 (full 21):
 PSYoungGen      total 326144K, used 416K [0x00000000eab00000, 0x00000000ff800000, 0x0000000100000000)
  eden space 312320K, 0% used [0x00000000eab00000,0x00000000eab00000,0x00000000fdc00000)
  from space 13824K, 3% used [0x00000000fea80000,0x00000000feae8000,0x00000000ff800000)
  to   space 14336K, 0% used [0x00000000fdc00000,0x00000000fdc00000,0x00000000fea00000)
 ParOldGen       total 165376K, used 28323K [0x00000000c0000000, 0x00000000ca180000, 0x00000000eab00000)
  object space 165376K, 17% used [0x00000000c0000000,0x00000000c1ba8f40,0x00000000ca180000)
 Metaspace       used 108581K, capacity 119102K, committed 121984K, reserved 1155072K
  class space    used 15450K, capacity 16238K, committed 16768K, reserved 1048576K
Event: 30609.061 GC heap after
Heap after GC invocations=49 (full 21):
 PSYoungGen      total 326144K, used 0K [0x00000000eab00000, 0x00000000ff800000, 0x0000000100000000)
  eden space 312320K, 0% used [0x00000000eab00000,0x00000000eab00000,0x00000000fdc00000)
  from space 13824K, 0% used [0x00000000fea80000,0x00000000fea80000,0x00000000ff800000)
  to   space 14336K, 0% used [0x00000000fdc00000,0x00000000fdc00000,0x00000000fea00000)
 ParOldGen       total 165376K, used 27136K [0x00000000c0000000, 0x00000000ca180000, 0x00000000eab00000)
  object space 165376K, 16% used [0x00000000c0000000,0x00000000c1a80358,0x00000000ca180000)
 Metaspace       used 108581K, capacity 119102K, committed 121984K, reserved 1155072K
  class space    used 15450K, capacity 16238K, committed 16768K, reserved 1048576K
}
Event: 32408.900 GC heap before
{Heap before GC invocations=50 (full 21):
 PSYoungGen      total 326144K, used 22790K [0x00000000eab00000, 0x00000000ff800000, 0x0000000100000000)
  eden space 312320K, 7% used [0x00000000eab00000,0x00000000ec1419e8,0x00000000fdc00000)
  from space 13824K, 0% used [0x00000000fea80000,0x00000000fea80000,0x00000000ff800000)
  to   space 14336K, 0% used [0x00000000fdc00000,0x00000000fdc00000,0x00000000fea00000)
 ParOldGen       total 165376K, used 27136K [0x00000000c0000000, 0x00000000ca180000, 0x00000000eab00000)
  object space 165376K, 16% used [0x00000000c0000000,0x00000000c1a80358,0x00000000ca180000)
 Metaspace       used 108581K, capacity 119102K, committed 121984K, reserved 1155072K
  class space    used 15450K, capacity 16238K, committed 16768K, reserved 1048576K
Event: 32408.931 GC heap after
Heap after GC invocations=50 (full 21):
 PSYoungGen      total 313344K, used 800K [0x00000000eab00000, 0x00000000ff600000, 0x0000000100000000)
  eden space 312320K, 0% used [0x00000000eab00000,0x00000000eab00000,0x00000000fdc00000)
  from space 1024K, 78% used [0x00000000fdc00000,0x00000000fdcc8000,0x00000000fdd00000)
  to   space 13312K, 0% used [0x00000000fe900000,0x00000000fe900000,0x00000000ff600000)
 ParOldGen       total 165376K, used 27136K [0x00000000c0000000, 0x00000000ca180000, 0x00000000eab00000)
  object space 165376K, 16% used [0x00000000c0000000,0x00000000c1a80358,0x00000000ca180000)
 Metaspace       used 108581K, capacity 119102K, committed 121984K, reserved 1155072K
  class space    used 15450K, capacity 16238K, committed 16768K, reserved 1048576K
}
Event: 32408.931 GC heap before
{Heap before GC invocations=51 (full 22):
 PSYoungGen      total 313344K, used 800K [0x00000000eab00000, 0x00000000ff600000, 0x0000000100000000)
  eden space 312320K, 0% used [0x00000000eab00000,0x00000000eab00000,0x00000000fdc00000)
  from space 1024K, 78% used [0x00000000fdc00000,0x00000000fdcc8000,0x00000000fdd00000)
  to   space 13312K, 0% used [0x00000000fe900000,0x00000000fe900000,0x00000000ff600000)
 ParOldGen       total 165376K, used 27136K [0x00000000c0000000, 0x00000000ca180000, 0x00000000eab00000)
  object space 165376K, 16% used [0x00000000c0000000,0x00000000c1a80358,0x00000000ca180000)
 Metaspace       used 108581K, capacity 119102K, committed 121984K, reserved 1155072K
  class space    used 15450K, capacity 16238K, committed 16768K, reserved 1048576K
Event: 32409.172 GC heap after
Heap after GC invocations=51 (full 22):
 PSYoungGen      total 313344K, used 0K [0x00000000eab00000, 0x00000000ff600000, 0x0000000100000000)
  eden space 312320K, 0% used [0x00000000eab00000,0x00000000eab00000,0x00000000fdc00000)
  from space 1024K, 0% used [0x00000000fdc00000,0x00000000fdc00000,0x00000000fdd00000)
  to   space 13312K, 0% used [0x00000000fe900000,0x00000000fe900000,0x00000000ff600000)
 ParOldGen       total 165376K, used 27131K [0x00000000c0000000, 0x00000000ca180000, 0x00000000eab00000)
  object space 165376K, 16% used [0x00000000c0000000,0x00000000c1a7eed0,0x00000000ca180000)
 Metaspace       used 108581K, capacity 119102K, committed 121984K, reserved 1155072K
  class space    used 15450K, capacity 16238K, committed 16768K, reserved 1048576K
}

Deoptimization events (10 events):
Event: 28699.913 Thread 0x0000022f78477800 Uncommon trap: reason=unstable_if action=reinterpret pc=0x0000022f61bee8f8 method=java.lang.invoke.MethodHandleNatives.refKindIsMethod(B)Z @ 10
Event: 28699.995 Thread 0x0000022f78473800 Uncommon trap: reason=unstable_if action=reinterpret pc=0x0000022f61e7c8b8 method=java.util.concurrent.FutureTask.cancel(Z)Z @ 16
Event: 33200.589 Thread 0x0000022f78475800 Uncommon trap: reason=unstable_if action=reinterpret pc=0x0000022f61de27f0 method=java.util.concurrent.locks.AbstractQueuedSynchronizer.unparkSuccessor(Ljava/util/concurrent/locks/AbstractQueuedSynchronizer$Node;)V @ 22
Event: 49747.451 Thread 0x0000022f77bde000 Uncommon trap: reason=unstable_if action=reinterpret pc=0x0000022f61e4578c method=java.util.concurrent.locks.ReentrantReadWriteLock$Sync.tryReleaseShared(I)Z @ 135
Event: 49747.451 Thread 0x0000022f77bdc800 Uncommon trap: reason=unstable_if action=reinterpret pc=0x0000022f61e4571c method=java.util.concurrent.locks.ReentrantReadWriteLock$Sync.tryAcquireShared(I)I @ 60
Event: 49753.611 Thread 0x0000022f77bde000 Uncommon trap: reason=unstable_if action=reinterpret pc=0x0000022f61e36e08 method=java.util.concurrent.locks.ReentrantReadWriteLock$Sync.tryAcquireShared(I)I @ 60
Event: 49756.494 Thread 0x0000022f77bdc800 Uncommon trap: reason=unstable_if action=reinterpret pc=0x0000022f61db33f8 method=java.util.concurrent.locks.ReentrantReadWriteLock$Sync.tryReleaseShared(I)Z @ 9
Event: 49765.920 Thread 0x0000022f77be4000 Uncommon trap: reason=unstable_if action=reinterpret pc=0x0000022f61e4ee80 method=org.apache.spark.util.ListenerBus.postToAll(Ljava/lang/Object;)V @ 331
Event: 49771.659 Thread 0x0000022f77be2800 Uncommon trap: reason=unstable_if action=reinterpret pc=0x0000022f61de3d2c method=com.codahale.metrics.ExponentiallyDecayingReservoir.update(JJ)V @ 111
Event: 49778.427 Thread 0x0000022f78478000 Uncommon trap: reason=unstable_if action=reinterpret pc=0x0000022f60f9cc8c method=java.util.concurrent.locks.AbstractQueuedSynchronizer.isOnSyncQueue(Ljava/util/concurrent/locks/AbstractQueuedSynchronizer$Node;)Z @ 22

Classes redefined (0 events):
No events

Internal exceptions (10 events):
Event: 28699.607 Thread 0x0000022f78477800 Exception <a 'java/lang/NoSuchMethodError': java.lang.Object.$anonfun$isSortColumnValid$2(Lscala/Tuple3;)Ljava/lang/String;> (0x00000000edb38a60) thrown at [C:\workspace\openjdk-build\workspace\build\src\hotspot\src\share\vm\interpreter\linkResolver.cpp, 
Event: 28699.609 Thread 0x0000022f78477800 Exception <a 'java/lang/NoSuchMethodError': java.lang.Object.$anonfun$headerRow$1(Ljava/lang/String;Ljava/lang/String;Ljava/lang/String;ZILjava/lang/String;Lscala/Tuple3;)Lscala/xml/Elem;> (0x00000000edb414e0) thrown at [C:\workspace\openjdk-build\workspa
Event: 28699.615 Thread 0x0000022f78477800 Exception <a 'java/lang/NoSuchMethodError': java.lang.Object.$anonfun$headerRow$2()Ljava/lang/String;> (0x00000000edb542b0) thrown at [C:\workspace\openjdk-build\workspace\build\src\hotspot\src\share\vm\interpreter\linkResolver.cpp, line 620]
Event: 28699.620 Thread 0x0000022f78477800 Exception <a 'java/lang/NoSuchMethodError': java.lang.Object.$anonfun$headerRow$3()Ljava/lang/String;> (0x00000000edb69970) thrown at [C:\workspace\openjdk-build\workspace\build\src\hotspot\src\share\vm\interpreter\linkResolver.cpp, line 620]
Event: 28699.622 Thread 0x0000022f78477800 Exception <a 'java/lang/NoSuchMethodError': java.lang.Object.$anonfun$headerRow$4()Ljava/lang/String;> (0x00000000edb6e560) thrown at [C:\workspace\openjdk-build\workspace\build\src\hotspot\src\share\vm\interpreter\linkResolver.cpp, line 620]
Event: 28699.622 Thread 0x0000022f78477800 Exception <a 'java/lang/NoSuchMethodError': java.lang.Object.$anonfun$table$1(Lorg/apache/spark/ui/PagedTable;Ljava/lang/Object;)Lscala/collection/Seq;> (0x00000000edb72998) thrown at [C:\workspace\openjdk-build\workspace\build\src\hotspot\src\share\vm\in
Event: 28699.817 Thread 0x0000022f78477800 Exception <a 'java/lang/NoSuchMethodError': java.lang.Object.$anonfun$iterator$1(Lscala/xml/Attribute;)Lscala/collection/Iterator;> (0x00000000edd81640) thrown at [C:\workspace\openjdk-build\workspace\build\src\hotspot\src\share\vm\interpreter\linkResolve
Event: 28699.995 Thread 0x0000022f78473800 Exception <a 'java/io/IOException'> (0x00000000ec2514c0) thrown at [C:\workspace\openjdk-build\workspace\build\src\hotspot\src\share\vm\prims\jni.cpp, line 712]
Event: 33200.586 Thread 0x0000022f78475800 Implicit null exception at 0x0000022f61de276c to 0x0000022f61de27d9
Event: 49772.689 Thread 0x0000022f77be4000 Exception <a 'java/lang/NoSuchMethodError': java.lang.Object.$anonfun$postToAll$3(Lorg/apache/spark/util/ListenerBus;Ljava/lang/Object;JLscala/runtime/LazyRef;Ljava/lang/Object;)Ljava/lang/String;> (0x00000000eb0b20b8) thrown at [C:\workspace\openjdk-buil

Events (10 events):
Event: 49771.660 Thread 0x0000022f77be2800 DEOPT UNPACKING pc=0x0000022f60cc5583 sp=0x00000089a12ff058 mode 2
Event: 49772.298 loading class org/apache/spark/util/ListenerBus
Event: 49772.304 loading class org/apache/spark/util/ListenerBus done
Event: 49772.811 loading class org/apache/spark/util/ListenerBus
Event: 49772.811 loading class org/apache/spark/util/ListenerBus done
Event: 49776.795 Executing VM operation: BulkRevokeBias
Event: 49776.919 Executing VM operation: BulkRevokeBias done
Event: 49778.427 Thread 0x0000022f78478000 Uncommon trap: trap_request=0xffffff65 fr.pc=0x0000022f60f9cc8c
Event: 49778.427 Thread 0x0000022f78478000 DEOPT PACKING pc=0x0000022f60f9cc8c sp=0x00000089a07fef50
Event: 49778.428 Thread 0x0000022f78478000 DEOPT UNPACKING pc=0x0000022f60cc5583 sp=0x00000089a07feec8 mode 2


Dynamic libraries:
0x00007ff7652f0000 - 0x00007ff76533d000 	C:\bigdata\java\jdk8u452-b09\bin\java.exe
0x00007ffd2bc40000 - 0x00007ffd2bea8000 	C:\WINDOWS\SYSTEM32\ntdll.dll
0x00007ffd2a600000 - 0x00007ffd2a6c9000 	C:\WINDOWS\System32\KERNEL32.DLL
0x00007ffd290a0000 - 0x00007ffd29498000 	C:\WINDOWS\System32\KERNELBASE.dll
0x00007ffd29bd0000 - 0x00007ffd29c84000 	C:\WINDOWS\System32\ADVAPI32.dll
0x00007ffd2ab70000 - 0x00007ffd2ac19000 	C:\WINDOWS\System32\msvcrt.dll
0x00007ffd2a850000 - 0x00007ffd2a8f6000 	C:\WINDOWS\System32\sechost.dll
0x00007ffd2ac20000 - 0x00007ffd2ad38000 	C:\WINDOWS\System32\RPCRT4.dll
0x00007ffd2b0a0000 - 0x00007ffd2b267000 	C:\WINDOWS\System32\USER32.dll
0x00007ffd29070000 - 0x00007ffd29097000 	C:\WINDOWS\System32\win32u.dll
0x00007ffd2a540000 - 0x00007ffd2a56b000 	C:\WINDOWS\System32\GDI32.dll
0x00007ffd295f0000 - 0x00007ffd2971c000 	C:\WINDOWS\System32\gdi32full.dll
0x00007ffd29720000 - 0x00007ffd297c3000 	C:\WINDOWS\System32\msvcp_win.dll
0x00007ffd294a0000 - 0x00007ffd295eb000 	C:\WINDOWS\System32\ucrtbase.dll
0x00007ffd0b890000 - 0x00007ffd0bb24000 	C:\WINDOWS\WinSxS\amd64_microsoft.windows.common-controls_6595b64144ccf1df_6.0.26100.7019_none_3e06ffa0e335b8a8\COMCTL32.dll
0x00007ffd2a9e0000 - 0x00007ffd2aa11000 	C:\WINDOWS\System32\IMM32.DLL
0x0000000056880000 - 0x00000000568f1000 	C:\WINDOWS\System32\QIPCAP64.dll
0x00007ffd29de0000 - 0x00007ffd2a52f000 	C:\WINDOWS\System32\SHELL32.dll
0x00007ffd28d90000 - 0x00007ffd28efb000 	C:\WINDOWS\System32\wintypes.dll
0x00007ffd2b870000 - 0x00007ffd2bbfb000 	C:\WINDOWS\System32\combase.dll
0x00007ffd2aa90000 - 0x00007ffd2ab67000 	C:\WINDOWS\System32\OLEAUT32.dll
0x00007ffd271b0000 - 0x00007ffd272dc000 	C:\WINDOWS\SYSTEM32\DNSAPI.dll
0x00007ffd27170000 - 0x00007ffd271a4000 	C:\WINDOWS\SYSTEM32\IPHLPAPI.DLL
0x00007ffd2aa80000 - 0x00007ffd2aa8a000 	C:\WINDOWS\System32\NSI.dll
0x00007ffd19e90000 - 0x00007ffd19eae000 	C:\bigdata\java\jdk8u452-b09\jre\bin\vcruntime140.dll
0x00007ffd1a550000 - 0x00007ffd1a55c000 	C:\bigdata\java\jdk8u452-b09\jre\bin\vcruntime140_1.dll
0x00007ffcdeb30000 - 0x00007ffcdebbd000 	C:\bigdata\java\jdk8u452-b09\jre\bin\msvcp140.dll
0x0000000054f30000 - 0x00000000557c6000 	C:\bigdata\java\jdk8u452-b09\jre\bin\server\jvm.dll
0x00007ffd299e0000 - 0x00007ffd299e8000 	C:\WINDOWS\System32\PSAPI.DLL
0x00007ffce5270000 - 0x00007ffce527a000 	C:\WINDOWS\SYSTEM32\WSOCK32.dll
0x00007ffd1d910000 - 0x00007ffd1d945000 	C:\WINDOWS\SYSTEM32\WINMM.dll
0x00007ffd1cf00000 - 0x00007ffd1cf0b000 	C:\WINDOWS\SYSTEM32\VERSION.dll
0x00007ffd2ae40000 - 0x00007ffd2aeb4000 	C:\WINDOWS\System32\WS2_32.dll
0x00007ffd279e0000 - 0x00007ffd279fb000 	C:\WINDOWS\SYSTEM32\kernel.appcore.dll
0x00007ffd19e80000 - 0x00007ffd19e90000 	C:\bigdata\java\jdk8u452-b09\jre\bin\verify.dll
0x00007ffd19af0000 - 0x00007ffd19b1b000 	C:\bigdata\java\jdk8u452-b09\jre\bin\java.dll
0x00007ffd19a40000 - 0x00007ffd19a58000 	C:\bigdata\java\jdk8u452-b09\jre\bin\zip.dll
0x00007ffd26790000 - 0x00007ffd26fed000 	C:\WINDOWS\SYSTEM32\windows.storage.dll
0x0000022f74f60000 - 0x0000022f75052000 	C:\WINDOWS\System32\SHCORE.dll
0x00007ffd2a7e0000 - 0x00007ffd2a847000 	C:\WINDOWS\System32\shlwapi.dll
0x00007ffd28cb0000 - 0x00007ffd28cd9000 	C:\WINDOWS\SYSTEM32\profapi.dll
0x00007ffd19e30000 - 0x00007ffd19e3d000 	C:\bigdata\java\jdk8u452-b09\jre\bin\management.dll
0x00007ffd199e0000 - 0x00007ffd199fc000 	C:\bigdata\java\jdk8u452-b09\jre\bin\net.dll
0x00007ffd28060000 - 0x00007ffd280cb000 	C:\WINDOWS\system32\mswsock.dll
0x00007ffce9bf0000 - 0x00007ffce9c08000 	C:\WINDOWS\system32\napinsp.dll
0x0000022f72ff0000 - 0x0000022f73095000 	C:\WINDOWS\System32\bcryptPrimitives.dll
0x00007ffce9710000 - 0x00007ffce9722000 	C:\WINDOWS\System32\winrnr.dll
0x00007ffce96e0000 - 0x00007ffce9702000 	C:\WINDOWS\system32\nlansp_c.dll
0x00007ffd131b0000 - 0x00007ffd131c6000 	C:\WINDOWS\system32\wshbth.dll
0x00007ffd16c00000 - 0x00007ffd16c0b000 	C:\Windows\System32\rasadhlp.dll
0x00007ffd17490000 - 0x00007ffd17516000 	C:\WINDOWS\System32\fwpuclnt.dll
0x00007ffd125b0000 - 0x00007ffd125c3000 	C:\bigdata\java\jdk8u452-b09\jre\bin\nio.dll
0x00007ffd28450000 - 0x00007ffd2846b000 	C:\WINDOWS\SYSTEM32\CRYPTSP.dll
0x00007ffd27940000 - 0x00007ffd2797a000 	C:\WINDOWS\system32\rsaenh.dll
0x00007ffd28110000 - 0x00007ffd2813b000 	C:\WINDOWS\SYSTEM32\USERENV.dll
0x00007ffd28c80000 - 0x00007ffd28caa000 	C:\WINDOWS\SYSTEM32\bcrypt.dll
0x00007ffd28430000 - 0x00007ffd2843c000 	C:\WINDOWS\SYSTEM32\CRYPTBASE.dll
0x00007ffd16d80000 - 0x00007ffd16d9e000 	C:\WINDOWS\SYSTEM32\dhcpcsvc6.DLL
0x00007ffd16cc0000 - 0x00007ffd16ce3000 	C:\WINDOWS\SYSTEM32\dhcpcsvc.DLL
0x00007ffd19a30000 - 0x00007ffd19a39000 	C:\bigdata\java\jdk8u452-b09\jre\bin\jaas_nt.dll
0x0000000066f40000 - 0x0000000066fc4000 	C:\Users\piyush.ramkar\AppData\Local\Temp\liblz4-java-2634789377026333231.so

VM Arguments:
jvm_args: -Xmx1g -XX:+IgnoreUnrecognizedVMOptions --add-opens=java.base/java.lang=ALL-UNNAMED --add-opens=java.base/java.lang.invoke=ALL-UNNAMED --add-opens=java.base/java.lang.reflect=ALL-UNNAMED --add-opens=java.base/java.io=ALL-UNNAMED --add-opens=java.base/java.net=ALL-UNNAMED --add-opens=java.base/java.nio=ALL-UNNAMED --add-opens=java.base/java.util=ALL-UNNAMED --add-opens=java.base/java.util.concurrent=ALL-UNNAMED --add-opens=java.base/java.util.concurrent.atomic=ALL-UNNAMED --add-opens=java.base/jdk.internal.ref=ALL-UNNAMED --add-opens=java.base/sun.nio.ch=ALL-UNNAMED --add-opens=java.base/sun.nio.cs=ALL-UNNAMED --add-opens=java.base/sun.security.action=ALL-UNNAMED --add-opens=java.base/sun.util.calendar=ALL-UNNAMED --add-opens=java.security.jgss/sun.security.krb5=ALL-UNNAMED -Djdk.reflect.useDirectMethodHandle=false 
java_command: org.apache.spark.deploy.SparkSubmit --conf spark.app.name=Read file using OOPs pyspark-shell
java_class_path (initial): C:\bigdata\spark\spark-3.4.4-bin-hadoop3\bin\..\conf\;C:\bigdata\spark\spark-3.4.4-bin-hadoop3\jars\activation-1.1.1.jar;C:\bigdata\spark\spark-3.4.4-bin-hadoop3\jars\aircompressor-0.21.jar;C:\bigdata\spark\spark-3.4.4-bin-hadoop3\jars\algebra_2.12-2.0.1.jar;C:\bigdata\spark\spark-3.4.4-bin-hadoop3\jars\annotations-17.0.0.jar;C:\bigdata\spark\spark-3.4.4-bin-hadoop3\jars\antlr-runtime-3.5.2.jar;C:\bigdata\spark\spark-3.4.4-bin-hadoop3\jars\antlr4-runtime-4.9.3.jar;C:\bigdata\spark\spark-3.4.4-bin-hadoop3\jars\aopalliance-repackaged-2.6.1.jar;C:\bigdata\spark\spark-3.4.4-bin-hadoop3\jars\arpack-3.0.3.jar;C:\bigdata\spark\spark-3.4.4-bin-hadoop3\jars\arpack_combined_all-0.1.jar;C:\bigdata\spark\spark-3.4.4-bin-hadoop3\jars\arrow-format-11.0.0.jar;C:\bigdata\spark\spark-3.4.4-bin-hadoop3\jars\arrow-memory-core-11.0.0.jar;C:\bigdata\spark\spark-3.4.4-bin-hadoop3\jars\arrow-memory-netty-11.0.0.jar;C:\bigdata\spark\spark-3.4.4-bin-hadoop3\jars\arrow-vector-11.0.0.jar;C:\bigdata\spark\spark-3.4.4-bin-hadoop3\jars\audience-annotations-0.5.0.jar;C:\bigdata\spark\spark-3.4.4-bin-hadoop3\jars\avro-1.11.1.jar;C:\bigdata\spark\spark-3.4.4-bin-hadoop3\jars\avro-ipc-1.11.1.jar;C:\bigdata\spark\spark-3.4.4-bin-hadoop3\jars\avro-mapred-1.11.1.jar;C:\bigdata\spark\spark-3.4.4-bin-hadoop3\jars\blas-3.0.3.jar;C:\bigdata\spark\spark-3.4.4-bin-hadoop3\jars\bonecp-0.8.0.RELEASE.jar;C:\bigdata\spark\spark-3.4.4-bin-hadoop3\jars\breeze-macros_2.12-2.1.0.jar;C:\bigdata\spark\spark-3.4.4-bin-hadoop3\jars\breeze_2.12-2.1.0.jar;C:\bigdata\spark\spark-3.4.4-bin-hadoop3\jars\cats-kernel_2.12-2.1.1.jar;C:\bigdata\spark\spark-3.4.4-bin-hadoop3\jars\chill-java-0.10.0.jar;C:\bigdata\spark\spark-3.4.4-bin-hadoop3\jars\chill_2.12-0.10.0.jar;C:\bigdata\spark\spark-3.4.4-bin-hadoop3\jars\commons-cli-1.5.0.jar;C:\bigdata\spark\spark-3.4.4-bin-hadoop3\jars\commons-codec-1.15.jar;C:\bigdata\spark\spark-3.4.4-bin-hadoop3\jars\commons-collections-3.2.2.jar;C:\bigdata\spark\spark-3
Launcher Type: SUN_STANDARD

Environment Variables:
JAVA_HOME=C:\bigdata\java\jdk8u452-b09
USERNAME=piyush.ramkar
OS=Windows_NT
PROCESSOR_IDENTIFIER=Intel64 Family 6 Model 140 Stepping 1, GenuineIntel



---------------  S Y S T E M  ---------------

OS: Windows 11 , 64 bit Build 26100 (10.0.26100.7019)

CPU:total 8 (initial active 8) (4 cores per cpu, 2 threads per core) family 6 model 140 stepping 1, cmov, cx8, fxsr, mmx, sse, sse2, sse3, ssse3, sse4.1, sse4.2, popcnt, avx, avx2, aes, clmul, erms, 3dnowpref, lzcnt, ht, tsc, tscinvbit, bmi1, bmi2, adx

Memory: 4k page, physical 16139652k(491308k free), swap 47018368k(2001460k free)

vm_info: OpenJDK 64-Bit Server VM (25.452-b09) for windows-amd64 JRE (1.8.0_452-b09), built on Apr 15 2025 20:15:54 by "ContainerUser" with unknown MS VC++:1937

time: Fri Dec 12 03:07:59 2025
timezone: India Standard Time
elapsed time: 56964.452673 seconds (0d 15h 49m 24s)

